[    0.000000] Initializing cgroup subsys cpuset
[    0.000000] Initializing cgroup subsys cpu
[    0.000000] Initializing cgroup subsys cpuacct
[    0.000000] Linux version 4.4.0-210-generic (buildd@lgw01-amd64-009) (gcc version 5.4.0 20160609 (Ubuntu 5.4.0-6ubuntu1~16.04.12) ) #242-Ubuntu SMP Fri Apr 16 09:57:56 UTC 2021 (Ubuntu 4.4.0-210.242-generic 4.4.262)
[    0.000000] Command line: BOOT_IMAGE=/boot/vmlinuz-4.4.0-210-generic root=LABEL=cloudimg-rootfs ro console=tty1 console=ttyS0
[    0.000000] KERNEL supported cpus:
[    0.000000]   Intel GenuineIntel
[    0.000000]   AMD AuthenticAMD
[    0.000000]   Centaur CentaurHauls
[    0.000000] x86/fpu: xstate_offset[2]:  576, xstate_sizes[2]:  256
[    0.000000] x86/fpu: Supporting XSAVE feature 0x01: 'x87 floating point registers'
[    0.000000] x86/fpu: Supporting XSAVE feature 0x02: 'SSE registers'
[    0.000000] x86/fpu: Supporting XSAVE feature 0x04: 'AVX registers'
[    0.000000] x86/fpu: Enabled xstate features 0x7, context size is 832 bytes, using 'standard' format.
[    0.000000] e820: BIOS-provided physical RAM map:
[    0.000000] BIOS-e820: [mem 0x0000000000000000-0x000000000009fbff] usable
[    0.000000] BIOS-e820: [mem 0x000000000009fc00-0x000000000009ffff] reserved
[    0.000000] BIOS-e820: [mem 0x00000000000f0000-0x00000000000fffff] reserved
[    0.000000] BIOS-e820: [mem 0x0000000000100000-0x000000003ffeffff] usable
[    0.000000] BIOS-e820: [mem 0x000000003fff0000-0x000000003fffffff] ACPI data
[    0.000000] BIOS-e820: [mem 0x00000000fec00000-0x00000000fec00fff] reserved
[    0.000000] BIOS-e820: [mem 0x00000000fee00000-0x00000000fee00fff] reserved
[    0.000000] BIOS-e820: [mem 0x00000000fffc0000-0x00000000ffffffff] reserved
[    0.000000] NX (Execute Disable) protection: active
[    0.000000] SMBIOS 2.5 present.
[    0.000000] Hypervisor detected: KVM
[    0.000000] Kernel/User page tables isolation: disabled
[    0.000000] e820: last_pfn = 0x3fff0 max_arch_pfn = 0x400000000
[    0.000000] MTRR: Disabled
[    0.000000] x86/PAT: MTRRs disabled, skipping PAT initialization too.
[    0.000000] CPU MTRRs all blank - virtualized system.
[    0.000000] x86/PAT: Configuration [0-7]: WB  WT  UC- UC  WB  WT  UC- UC  
[    0.000000] found SMP MP-table at [mem 0x0009fff0-0x0009ffff] mapped at [ffff88000009fff0]
[    0.000000] Scanning 1 areas for low memory corruption
[    0.000000] RAMDISK: [mem 0x36148000-0x3709bfff]
[    0.000000] ACPI: Early table checksum verification disabled
[    0.000000] ACPI: RSDP 0x00000000000E0000 000024 (v02 VBOX  )
[    0.000000] ACPI: XSDT 0x000000003FFF0030 00003C (v01 VBOX   VBOXXSDT 00000001 ASL  00000061)
[    0.000000] ACPI: FACP 0x000000003FFF00F0 0000F4 (v04 VBOX   VBOXFACP 00000001 ASL  00000061)
[    0.000000] ACPI: DSDT 0x000000003FFF0610 002353 (v02 VBOX   VBOXBIOS 00000002 INTL 20100528)
[    0.000000] ACPI: FACS 0x000000003FFF0200 000040
[    0.000000] ACPI: FACS 0x000000003FFF0200 000040
[    0.000000] ACPI: APIC 0x000000003FFF0240 00005C (v02 VBOX   VBOXAPIC 00000001 ASL  00000061)
[    0.000000] ACPI: SSDT 0x000000003FFF02A0 00036C (v01 VBOX   VBOXCPUT 00000002 INTL 20100528)
[    0.000000] No NUMA configuration found
[    0.000000] Faking a node at [mem 0x0000000000000000-0x000000003ffeffff]
[    0.000000] NODE_DATA(0) allocated [mem 0x3ffeb000-0x3ffeffff]
[    0.000000] kvm-clock: Using msrs 4b564d01 and 4b564d00
[    0.000000] kvm-clock: cpu 0, msr 0:3ffe3001, primary cpu clock
[    0.000000] kvm-clock: using sched offset of 3162621015 cycles
[    0.000000] clocksource: kvm-clock: mask: 0xffffffffffffffff max_cycles: 0x1cd42e4dffb, max_idle_ns: 881590591483 ns
[    0.000000] Zone ranges:
[    0.000000]   DMA      [mem 0x0000000000001000-0x0000000000ffffff]
[    0.000000]   DMA32    [mem 0x0000000001000000-0x000000003ffeffff]
[    0.000000]   Normal   empty
[    0.000000]   Device   empty
[    0.000000] Movable zone start for each node
[    0.000000] Early memory node ranges
[    0.000000]   node   0: [mem 0x0000000000001000-0x000000000009efff]
[    0.000000]   node   0: [mem 0x0000000000100000-0x000000003ffeffff]
[    0.000000] Initmem setup node 0 [mem 0x0000000000001000-0x000000003ffeffff]
[    0.000000] ACPI: PM-Timer IO Port: 0x4008
[    0.000000] IOAPIC[0]: apic_id 2, version 32, address 0xfec00000, GSI 0-23
[    0.000000] ACPI: INT_SRC_OVR (bus 0 bus_irq 0 global_irq 2 dfl dfl)
[    0.000000] ACPI: INT_SRC_OVR (bus 0 bus_irq 9 global_irq 9 low level)
[    0.000000] Using ACPI (MADT) for SMP configuration information
[    0.000000] smpboot: Allowing 2 CPUs, 0 hotplug CPUs
[    0.000000] PM: Registered nosave memory: [mem 0x00000000-0x00000fff]
[    0.000000] PM: Registered nosave memory: [mem 0x0009f000-0x0009ffff]
[    0.000000] PM: Registered nosave memory: [mem 0x000a0000-0x000effff]
[    0.000000] PM: Registered nosave memory: [mem 0x000f0000-0x000fffff]
[    0.000000] e820: [mem 0x40000000-0xfebfffff] available for PCI devices
[    0.000000] Booting paravirtualized kernel on KVM
[    0.000000] clocksource: refined-jiffies: mask: 0xffffffff max_cycles: 0xffffffff, max_idle_ns: 7645519600211568 ns
[    0.000000] setup_percpu: NR_CPUS:512 nr_cpumask_bits:512 nr_cpu_ids:2 nr_node_ids:1
[    0.000000] PERCPU: Embedded 33 pages/cpu @ffff88003fc00000 s95192 r8192 d31784 u1048576
[    0.000000] Built 1 zonelists in Node order, mobility grouping on.  Total pages: 257912
[    0.000000] Policy zone: DMA32
[    0.000000] Kernel command line: BOOT_IMAGE=/boot/vmlinuz-4.4.0-210-generic root=LABEL=cloudimg-rootfs ro console=tty1 console=ttyS0
[    0.000000] PID hash table entries: 4096 (order: 3, 32768 bytes)
[    0.000000] Memory: 996984K/1048120K available (8644K kernel code, 1332K rwdata, 4044K rodata, 1492K init, 1164K bss, 51136K reserved, 0K cma-reserved)
[    0.000000] SLUB: HWalign=64, Order=0-3, MinObjects=0, CPUs=2, Nodes=1
[    0.000000] Hierarchical RCU implementation.
[    0.000000] 	Build-time adjustment of leaf fanout to 64.
[    0.000000] 	RCU restricting CPUs from NR_CPUS=512 to nr_cpu_ids=2.
[    0.000000] RCU: Adjusting geometry for rcu_fanout_leaf=64, nr_cpu_ids=2
[    0.000000] NR_IRQS:33024 nr_irqs:440 16
[    0.000000] Console: colour VGA+ 80x25
[    0.000000] console [tty1] enabled
[    0.000000] console [ttyS0] enabled
[    0.000000] tsc: Detected 2419.198 MHz processor
[    0.120660] Calibrating delay loop (skipped) preset value.. 4838.39 BogoMIPS (lpj=9676792)
[    0.122037] pid_max: default: 32768 minimum: 301
[    0.122816] ACPI: Core revision 20150930
[    0.124410] ACPI: 2 ACPI AML tables successfully acquired and loaded
[    0.125857] Security Framework initialized
[    0.126485] Yama: becoming mindful.
[    0.127099] AppArmor: AppArmor initialized
[    0.127863] Dentry cache hash table entries: 131072 (order: 8, 1048576 bytes)
[    0.129075] Inode-cache hash table entries: 65536 (order: 7, 524288 bytes)
[    0.133317] Mount-cache hash table entries: 2048 (order: 2, 16384 bytes)
[    0.134381] Mountpoint-cache hash table entries: 2048 (order: 2, 16384 bytes)
[    0.135606] Initializing cgroup subsys io
[    0.136372] Initializing cgroup subsys memory
[    0.137601] Initializing cgroup subsys devices
[    0.138363] Initializing cgroup subsys freezer
[    0.139009] Initializing cgroup subsys net_cls
[    0.139699] Initializing cgroup subsys perf_event
[    0.141184] Initializing cgroup subsys net_prio
[    0.142492] Initializing cgroup subsys hugetlb
[    0.143443] Initializing cgroup subsys pids
[    0.148800] mce: CPU supports 0 MCE banks
[    0.149514] Last level iTLB entries: 4KB 0, 2MB 0, 4MB 0
[    0.150417] Last level dTLB entries: 4KB 0, 2MB 0, 4MB 0, 1GB 0
[    0.151352] Spectre V1 : Mitigation: usercopy/swapgs barriers and __user pointer sanitization
[    0.152764] Spectre V2 : Mitigation: Full generic retpoline
[    0.153529] Spectre V2 : Spectre v2 / SpectreRSB mitigation: Filling RSB on context switch
[    0.154843] Speculative Store Bypass: Vulnerable
[    0.157871] Freeing SMP alternatives memory: 36K
[    0.164111] ftrace: allocating 32380 entries in 127 pages
[    0.230907] smpboot: APIC(0) Converting physical 0 to logical package 0
[    0.233032] smpboot: Max logical packages: 1
[    0.235180] x2apic enabled
[    0.236616] Switched APIC routing to physical x2apic.
[    0.238951] ..TIMER: vector=0x30 apic1=0 pin1=2 apic2=-1 pin2=-1
[    0.348340] smpboot: CPU0: 11th Gen Intel(R) Core(TM) i5-1135G7 @ 2.40GHz (family: 0x6, model: 0x8c, stepping: 0x1)
[    0.352776] Performance Events: unsupported p6 CPU model 140 no PMU driver, software events only.
[    0.370766] KVM setup paravirtual spinlock
[    0.374200] x86: Booting SMP configuration:
[    0.375252] .... node  #0, CPUs:      #1
[    0.377077] kvm-clock: cpu 1, msr 0:3ffe3041, secondary cpu clock
[    0.383178] mce: CPU supports 0 MCE banks
[    0.386089] x86: Booted up 1 node, 2 CPUs
[    0.387489] smpboot: Total of 2 processors activated (9676.79 BogoMIPS)
[    0.389149] devtmpfs: initialized
[    0.390804] evm: security.selinux
[    0.391462] evm: security.SMACK64
[    0.392127] evm: security.SMACK64EXEC
[    0.392850] evm: security.SMACK64TRANSMUTE
[    0.393587] evm: security.SMACK64MMAP
[    0.394289] evm: security.ima
[    0.394937] evm: security.capability
[    0.396091] clocksource: jiffies: mask: 0xffffffff max_cycles: 0xffffffff, max_idle_ns: 7645041785100000 ns
[    0.397656] futex hash table entries: 512 (order: 3, 32768 bytes)
[    0.398593] pinctrl core: initialized pinctrl subsystem
[    0.399538] RTC time: 11:55:47, date: 05/20/24
[    0.400880] NET: Registered protocol family 16
[    0.413036] cpuidle: using governor ladder
[    0.425118] cpuidle: using governor menu
[    0.425817] PCCT header not found.
[    0.426854] ACPI: bus type PCI registered
[    0.428242] acpiphp: ACPI Hot Plug PCI Controller Driver version: 0.5
[    0.431138] PCI: Using configuration type 1 for base access
[    0.446670] ACPI: Added _OSI(Module Device)
[    0.449086] ACPI: Added _OSI(Processor Device)
[    0.450918] ACPI: Added _OSI(3.0 _SCP Extensions)
[    0.452598] ACPI: Added _OSI(Processor Aggregator Device)
[    0.456017] ACPI: Executed 1 blocks of module-level executable AML code
[    0.462708] ACPI: Interpreter enabled
[    0.464146] ACPI: (supports S0 S5)
[    0.465485] ACPI: Using IOAPIC for interrupt routing
[    0.467529] PCI: Using host bridge windows from ACPI; if necessary, use "pci=nocrs" and report a bug
[    0.477536] ACPI: PCI Root Bridge [PCI0] (domain 0000 [bus 00-ff])
[    0.478951] acpi PNP0A03:00: _OSC: OS supports [ASPM ClockPM Segments MSI]
[    0.480509] acpi PNP0A03:00: _OSC: not requesting OS control; OS requires [ExtendedConfig ASPM ClockPM MSI]
[    0.482557] acpi PNP0A03:00: fail to add MMCONFIG information, can't access extended PCI configuration space under this bridge.
[    0.484995] PCI host bridge to bus 0000:00
[    0.485904] pci_bus 0000:00: root bus resource [io  0x0000-0x0cf7 window]
[    0.486924] pci_bus 0000:00: root bus resource [io  0x0d00-0xffff window]
[    0.488000] pci_bus 0000:00: root bus resource [mem 0x000a0000-0x000bffff window]
[    0.489241] pci_bus 0000:00: root bus resource [mem 0x40000000-0xfdffffff window]
[    0.490435] pci_bus 0000:00: root bus resource [bus 00-ff]
[    0.492439] pci 0000:00:01.1: legacy IDE quirk: reg 0x10: [io  0x01f0-0x01f7]
[    0.493499] pci 0000:00:01.1: legacy IDE quirk: reg 0x14: [io  0x03f6]
[    0.494390] pci 0000:00:01.1: legacy IDE quirk: reg 0x18: [io  0x0170-0x0177]
[    0.495423] pci 0000:00:01.1: legacy IDE quirk: reg 0x1c: [io  0x0376]
[    0.505500] pci 0000:00:07.0: quirk: [io  0x4000-0x403f] claimed by PIIX4 ACPI
[    0.514126] pci 0000:00:07.0: quirk: [io  0x4100-0x410f] claimed by PIIX4 SMB
[    0.524446] ACPI: PCI Interrupt Link [LNKA] (IRQs 5 9 10 *11)
[    0.526965] ACPI: PCI Interrupt Link [LNKB] (IRQs 5 9 *10 11)
[    0.529179] ACPI: PCI Interrupt Link [LNKC] (IRQs 5 *9 10 11)
[    0.530891] ACPI: PCI Interrupt Link [LNKD] (IRQs 5 9 10 *11)
[    0.532696] ACPI: Enabled 2 GPEs in block 00 to 07
[    0.534682] vgaarb: setting as boot device: PCI:0000:00:02.0
[    0.536009] vgaarb: device added: PCI:0000:00:02.0,decodes=io+mem,owns=io+mem,locks=none
[    0.537799] vgaarb: loaded
[    0.538824] vgaarb: bridge control possible 0000:00:02.0
[    0.540919] SCSI subsystem initialized
[    0.542525] ACPI: bus type USB registered
[    0.543167] usbcore: registered new interface driver usbfs
[    0.543906] usbcore: registered new interface driver hub
[    0.544684] usbcore: registered new device driver usb
[    0.545771] PCI: Using ACPI for IRQ routing
[    0.546606] NetLabel: Initializing
[    0.547341] NetLabel:  domain hash size = 128
[    0.548766] NetLabel:  protocols = UNLABELED CIPSOv4
[    0.550430] NetLabel:  unlabeled traffic allowed by default
[    0.552370] amd_nb: Cannot enumerate AMD northbridges
[    0.553653] clocksource: Switched to clocksource kvm-clock
[    0.567323] AppArmor: AppArmor Filesystem Enabled
[    0.568483] pnp: PnP ACPI init
[    0.570101] pnp: PnP ACPI: found 3 devices
[    0.578754] clocksource: acpi_pm: mask: 0xffffff max_cycles: 0xffffff, max_idle_ns: 2085701024 ns
[    0.580645] NET: Registered protocol family 2
[    0.581567] TCP established hash table entries: 8192 (order: 4, 65536 bytes)
[    0.582659] TCP bind hash table entries: 8192 (order: 5, 131072 bytes)
[    0.583606] TCP: Hash tables configured (established 8192 bind 8192)
[    0.584673] UDP hash table entries: 512 (order: 2, 16384 bytes)
[    0.585587] UDP-Lite hash table entries: 512 (order: 2, 16384 bytes)
[    0.586501] NET: Registered protocol family 1
[    0.587256] pci 0000:00:00.0: Limiting direct PCI/PCI transfers
[    0.588268] pci 0000:00:01.0: Activating ISA DMA hang workarounds
[    0.591156] Unpacking initramfs...
[    0.854954] Freeing initrd memory: 15696K
[    0.855897] clocksource: tsc: mask: 0xffffffffffffffff max_cycles: 0x22df0f35937, max_idle_ns: 440795269039 ns
[    0.857810] platform rtc_cmos: registered platform RTC device (no PNP device found)
[    0.859050] Scanning for low memory corruption every 60 seconds
[    0.860304] audit: initializing netlink subsys (disabled)
[    0.861271] audit: type=2000 audit(1716206152.676:1): initialized
[    0.862400] Initialise system trusted keyring
[    0.863259] HugeTLB registered 2 MB page size, pre-allocated 0 pages
[    0.865092] zbud: loaded
[    0.865970] VFS: Disk quotas dquot_6.6.0
[    0.866655] VFS: Dquot-cache hash table entries: 512 (order 0, 4096 bytes)
[    0.868273] squashfs: version 4.0 (2009/01/31) Phillip Lougher
[    0.869560] fuse init (API version 7.23)
[    0.870356] Key type big_key registered
[    0.871062] Allocating IMA MOK and blacklist keyrings.
[    0.872445] Key type asymmetric registered
[    0.873157] Asymmetric key parser 'x509' registered
[    0.874002] Block layer SCSI generic (bsg) driver version 0.4 loaded (major 249)
[    0.875340] io scheduler noop registered
[    0.876121] io scheduler deadline registered (default)
[    0.876986] io scheduler cfq registered
[    0.877870] pci_hotplug: PCI Hot Plug PCI Core version: 0.5
[    0.878883] pciehp: PCI Express Hot Plug Controller Driver version: 0.4
[    0.879982] ACPI: AC Adapter [AC] (on-line)
[    0.880733] input: Power Button as /devices/LNXSYSTM:00/LNXPWRBN:00/input/input0
[    0.881972] ACPI: Power Button [PWRF]
[    0.882695] input: Sleep Button as /devices/LNXSYSTM:00/LNXSLPBN:00/input/input1
[    0.883938] ACPI: Sleep Button [SLPF]
[    0.885226] ACPI: Battery Slot [BAT0] (battery present)
[    0.886272] GHES: HEST is not enabled!
[    0.886961] Serial: 8250/16550 driver, 32 ports, IRQ sharing enabled
[    0.908430] 00:02: ttyS0 at I/O 0x3f8 (irq = 4, base_baud = 115200) is a 16550A
[    0.911691] Linux agpgart interface v0.103
[    0.916568] loop: module loaded
[    0.918107] scsi host0: ata_piix
[    0.919670] scsi host1: ata_piix
[    0.920979] ata1: PATA max UDMA/33 cmd 0x1f0 ctl 0x3f6 bmdma 0xd000 irq 14
[    0.923618] ata2: PATA max UDMA/33 cmd 0x170 ctl 0x376 bmdma 0xd008 irq 15
[    0.926309] libphy: Fixed MDIO Bus: probed
[    0.927867] tun: Universal TUN/TAP device driver, 1.6
[    0.929886] tun: (C) 1999-2004 Max Krasnyansky <maxk@qualcomm.com>
[    0.932307] PPP generic driver version 2.4.2
[    0.933210] ehci_hcd: USB 2.0 'Enhanced' Host Controller (EHCI) Driver
[    0.935085] ehci-pci: EHCI PCI platform driver
[    0.936514] ehci-platform: EHCI generic platform driver
[    0.938190] ohci_hcd: USB 1.1 'Open' Host Controller (OHCI) Driver
[    0.939880] ohci-pci: OHCI PCI platform driver
[    0.941214] ohci-platform: OHCI generic platform driver
[    0.942872] uhci_hcd: USB Universal Host Controller Interface driver
[    0.944686] i8042: PNP: PS/2 Controller [PNP0303:PS2K,PNP0f03:PS2M] at 0x60,0x64 irq 1,12
[    0.947244] serio: i8042 KBD port at 0x60,0x64 irq 1
[    0.948381] serio: i8042 AUX port at 0x60,0x64 irq 12
[    0.949756] mousedev: PS/2 mouse device common for all mice
[    0.951138] input: AT Translated Set 2 keyboard as /devices/platform/i8042/serio0/input/input2
[    0.952838] rtc_cmos rtc_cmos: rtc core: registered rtc_cmos as rtc0
[    0.953861] rtc_cmos rtc_cmos: alarms up to one day, 114 bytes nvram
[    0.954836] i2c /dev entries driver
[    0.955510] device-mapper: uevent: version 1.0.3
[    0.956344] device-mapper: ioctl: 4.34.0-ioctl (2015-10-28) initialised: dm-devel@redhat.com
[    0.957739] ledtrig-cpu: registered to indicate activity on CPUs
[    0.958851] NET: Registered protocol family 10
[    0.959689] NET: Registered protocol family 17
[    0.960448] Key type dns_resolver registered
[    0.961483] registered taskstats version 1
[    0.962152] Loading compiled-in X.509 certificates
[    0.963274] Loaded X.509 cert 'Build time autogenerated kernel key: cf00e047681d67edb2720680708b7d9498083038'
[    0.964681] zswap: loaded using pool lzo/zbud
[    0.966863] Key type trusted registered
[    0.970613] Key type encrypted registered
[    0.971440] AppArmor: AppArmor sha1 policy hashing enabled
[    0.972654] ima: No TPM chip found, activating TPM-bypass!
[    0.973625] ima: Allocated hash algorithm: sha1
[    0.974993] evm: HMAC attrs: 0x1
[    0.976275]   Magic number: 8:553:934
[    0.977415] rtc_cmos rtc_cmos: setting system clock to 2024-05-20 11:55:48 UTC (1716206148)
[    0.979925] BIOS EDD facility v0.16 2004-Jun-25, 0 devices found
[    0.981223] EDD information not available.
[    1.109166] Freeing unused kernel memory: 1492K
[    1.110935] Write protecting the kernel read-only data: 14336k
[    1.112485] Freeing unused kernel memory: 1584K
[    1.113318] Freeing unused kernel memory: 52K
Loading, please wait...
starting version 229
[    1.122824] random: systemd-udevd: uninitialized urandom read (16 bytes read, 3 bits of entropy available)
[    1.123351] random: udevadm: uninitialized urandom read (16 bytes read, 3 bits of entropy available)
[    1.123369] random: udevadm: uninitialized urandom read (16 bytes read, 3 bits of entropy available)
[    1.127019] random: systemd-udevd: uninitialized urandom read (16 bytes read, 3 bits of entropy available)
[    1.128350] random: systemd-udevd: uninitialized urandom read (16 bytes read, 3 bits of entropy available)
[    1.129592] random: udevadm: uninitialized urandom read (16 bytes read, 3 bits of entropy available)
[    1.129633] random: udevadm: uninitialized urandom read (16 bytes read, 3 bits of entropy available)
[    1.129778] random: udevadm: uninitialized urandom read (16 bytes read, 3 bits of entropy available)
[    1.129816] random: udevadm: uninitialized urandom read (16 bytes read, 3 bits of entropy available)
[    1.129855] random: udevadm: uninitialized urandom read (16 bytes read, 3 bits of entropy available)
[    1.165164] e1000: Intel(R) PRO/1000 Network Driver - version 7.3.21-k8-NAPI
[    1.166383] e1000: Copyright (c) 1999-2006 Intel Corporation.
[    1.171635] Fusion MPT base driver 3.04.20
[    1.172599] Copyright (c) 1999-2008 LSI Corporation
[    1.196549] Fusion MPT SPI Host driver 3.04.20
[    1.200284] AVX2 version of gcm_enc/dec engaged.
[    1.201297] AES CTR mode by8 optimization enabled
[    1.424016] input: ImExPS/2 Generic Explorer Mouse as /devices/platform/i8042/serio1/input/input4
[    1.851821] e1000 0000:00:03.0 eth0: (PCI:33MHz:32-bit) 02:be:82:6b:cc:1d
[    1.853076] e1000 0000:00:03.0 eth0: Intel(R) PRO/1000 Network Connection
[    1.855471] mptbase: ioc0: Initiating bringup
[    2.849226] ioc0: LSI53C1030 A0: Capabilities={Initiator}
[    5.583265] scsi host2: ioc0: LSI53C1030 A0, FwRev=00000000h, Ports=1, MaxQ=256, IRQ=20
[    8.395305] scsi 2:0:0:0: Direct-Access     VBOX     HARDDISK         1.0  PQ: 0 ANSI: 5
[    8.399310] scsi target2:0:0: Beginning Domain Validation
[    8.406042] scsi target2:0:0: Domain Validation skipping write tests
[    8.406877] scsi target2:0:0: Ending Domain Validation
[    8.408137] scsi target2:0:0: asynchronous
[    8.411043] scsi 2:0:1:0: Direct-Access     VBOX     HARDDISK         1.0  PQ: 0 ANSI: 5
[    8.412495] scsi target2:0:1: Beginning Domain Validation
[    8.416840] scsi target2:0:1: Domain Validation skipping write tests
[    8.417743] scsi target2:0:1: Ending Domain Validation
[    8.418705] scsi target2:0:1: asynchronous
[    8.426856] sd 2:0:0:0: Attached scsi generic sg0 type 0
[    8.428927] sd 2:0:0:0: [sda] 83886080 512-byte logical blocks: (42.9 GB/40.0 GiB)
[    8.450172] sd 2:0:1:0: Attached scsi generic sg1 type 0
[    8.454054] sd 2:0:1:0: [sdb] 20480 512-byte logical blocks: (10.5 MB/10.0 MiB)
[    8.457624] sd 2:0:0:0: [sda] Write Protect is off
[    8.459652] sd 2:0:1:0: [sdb] Write Protect is off
[    8.461736] sd 2:0:1:0: [sdb] Incomplete mode parameter data
[    8.462546] sd 2:0:1:0: [sdb] Assuming drive cache: write through
[    8.463706] sd 2:0:0:0: [sda] Incomplete mode parameter data
[    8.464840] sd 2:0:0:0: [sda] Assuming drive cache: write through
[    8.469186]  sda: sda1
[    8.470672] sd 2:0:1:0: [sdb] Attached SCSI disk
[    8.471579] sd 2:0:0:0: [sda] Attached SCSI disk
[    8.867548] e1000 0000:00:08.0 eth1: (PCI:33MHz:32-bit) 08:00:27:72:4a:b1
[    8.870785] e1000 0000:00:08.0 eth1: Intel(R) PRO/1000 Network Connection
[    8.873417] e1000 0000:00:08.0 enp0s8: renamed from eth1
[    8.890632] e1000 0000:00:03.0 enp0s3: renamed from eth0
Begin: Loading essential drivers ... [   10.261517] md: linear personality registered for level -1
[   10.264192] md: multipath personality registered for level -4
[   10.266929] md: raid0 personality registered for level 0
[   10.270440] md: raid1 personality registered for level 1
[   10.341763] raid6: sse2x1   gen() 11797 MB/s
[   10.409964] raid6: sse2x1   xor()  5528 MB/s
[   10.477998] raid6: sse2x2   gen() 11213 MB/s
[   10.546192] raid6: sse2x2   xor()  8871 MB/s
[   10.614068] raid6: sse2x4   gen() 14195 MB/s
[   10.682242] raid6: sse2x4   xor() 11902 MB/s
[   10.750398] raid6: avx2x1   gen() 21813 MB/s
[   10.817667] raid6: avx2x2   gen() 19894 MB/s
[   10.886633] raid6: avx2x4   gen() 31750 MB/s
[   10.887623] raid6: using algorithm avx2x4 gen() 31750 MB/s
[   10.888770] raid6: using avx2x2 recovery algorithm
[   10.890685] xor: automatically using best checksumming function:
[   10.930564]    avx       : 22340.000 MB/sec
[   10.934403] async_tx: api initialized (async)
[   10.956023] md: raid6 personality registered for level 6
[   10.958118] md: raid5 personality registered for level 5
[   10.960989] md: raid4 personality registered for level 4
[   10.976175] md: raid10 personality registered for level 10
done.
Begin: Running /scripts/init-premount ... done.
Begin: Mounting root file system ... Begin: Running /scripts/local-top ... done.
Begin: Running /scripts/local-premount ... [   11.011904] Btrfs loaded
Scanning for Btrfs filesystems
done.
Begin: Will now check root file system ... fsck from util-linux 2.27.1
[/sbin/fsck.ext4 (1) -- /dev/sda1] fsck.ext4 -a -C0 /dev/sda1 
cloudimg-rootfs: clean, 62718/5120000 files, 675632/10485499 blocks
done.
[   11.046312] EXT4-fs (sda1): mounted filesystem with ordered data mode. Opts: (null)
done.
Begin: Running /scripts/local-bottom ... done.
Begin: Running /scripts/init-bottom ... done.
[   11.112023] systemd[1]: systemd 229 running in system mode. (+PAM +AUDIT +SELINUX +IMA +APPARMOR +SMACK +SYSVINIT +UTMP +LIBCRYPTSETUP +GCRYPT +GNUTLS +ACL +XZ -LZ4 +SECCOMP +BLKID +ELFUTILS +KMOD -IDN)
[   11.114792] systemd[1]: Detected virtualization oracle.
[   11.115626] systemd[1]: Detected architecture x86-64.

Welcome to [1mUbuntu 16.04.7 LTS[0m!

[   11.117246] systemd[1]: Set hostname to <ubuntu-xenial>.
[   11.211085] systemd[1]: Started Forward Password Requests to Wall Directory Watch.
[[0;32m  OK  [0m] Started Forward Password Requests to Wall Directory Watch.
[   11.213120] systemd[1]: Listening on LVM2 poll daemon socket.
[[0;32m  OK  [0m] Listening on LVM2 poll daemon socket.
[   11.214411] systemd[1]: Listening on Syslog Socket.
[[0;32m  OK  [0m] Listening on Syslog Socket.
[   11.215564] systemd[1]: Reached target Encrypted Volumes.
[[0;32m  OK  [0m] Reached target Encrypted Volumes.
[   11.222251] systemd[1]: Listening on fsck to fsckd communication Socket.
[[0;32m  OK  [0m] Listening on fsck to fsckd communication Socket.
[   11.224337] systemd[1]: Created slice System Slice.
[[0;32m  OK  [0m] Created slice System Slice.
[   11.234376] systemd[1]: Listening on Journal Audit Socket.
[[0;32m  OK  [0m] Listening on Journal Audit Socket.
[   11.238040] systemd[1]: Set up automount Arbitrary Executable File Formats File System Automount Point.
[[0;32m  OK  [0m] Set up automount Arbitrary Executab...ats File System Automount Point.
[   11.243959] systemd[1]: Listening on Journal Socket.
[[0;32m  OK  [0m] Listening on Journal Socket.
[   11.247561] systemd[1]: Reached target User and Group Name Lookups.
[[0;32m  OK  [0m] Reached target User and Group Name Lookups.
[   11.262567] systemd[1]: Starting Set console keymap...
         Starting Set console keymap...
[   11.267570] systemd[1]: Starting Load Kernel Modules...
         Starting Load Kernel Modules...
[   11.269679] systemd[1]: Listening on LVM2 metadata daemon socket.
[[0;32m  OK  [0m] Listening on LVM2 metadata daemon socket.
[   11.276492] Loading iSCSI transport class v2.0-870.
[   11.278196] systemd[1]: Reached target Swap.
[[0;32m  OK  [0m] Reached target Swap.
[   11.281044] systemd[1]: Starting Remount Root and Kernel File Systems...
         Starting Remount Root and Kernel File Systems...
[   11.287951] systemd[1]: Mounting Debug File System...
         Mounting Debug File System...
[   11.290131] systemd[1]: Reached target System Time Synchronized.
[[0;32m  OK  [0m] Reached target System Time Synchronized.
[   11.292167] EXT4-fs (sda1): re-mounted. Opts: (null)
[   11.293431] systemd[1]: Listening on /dev/initctl Compatibility Named Pipe.
[[0;32m  OK  [0m] Listening on /dev/initctl Compatibility Named Pipe.
[   11.297144] systemd[1]: Listening on udev Control Socket.
[[0;32m  OK  [0m] Listening on udev Control Socket.
[   11.299845] systemd[1]: Created slice system-serial\x2dgetty.slice.
[[0;32m  OK  [0m] Created slice system-serial\x2dgetty.slice.
[   11.302622] systemd[1]: Starting Uncomplicated firewall...
[   11.304184] iscsi: registered transport (tcp)
         Starting Uncomplicated firewall...
[   11.313831] systemd[1]: Started Trigger resolvconf update for networkd DNS.
[[0;32m  OK  [0m] Started Trigger resolvconf update for networkd DNS.
[   11.320085] systemd[1]: Listening on Journal Socket (/dev/log).
[[0;32m  OK  [0m] Listening on Journal Socket (/dev/log).
[   11.327924] iscsi: registered transport (iser)
[   11.330340] systemd[1]: Starting Journal Service...
         Starting Journal Service...
[   11.332030] systemd[1]: Starting Create list of required static device nodes for the current kernel...
         Starting Create list of required st... nodes for the current kernel...
[   11.334340] systemd[1]: Listening on udev Kernel Socket.
[[0;32m  OK  [0m] Listening on udev Kernel Socket.
[   11.342455] systemd[1]: Mounting Huge Pages File System...
         Mounting Huge Pages File System...
[   11.344410] systemd[1]: Created slice User and Session Slice.
[[0;32m  OK  [0m] Created slice User and Session Slice.
[   11.346194] systemd[1]: Reached target Slices.
[[0;32m  OK  [0m] Reached target Slices.
[   11.348347] systemd[1]: Starting Nameserver information manager...
         Starting Nameserver information manager...
[   11.350876] systemd[1]: Mounting POSIX Message Queue File System...
         Mounting POSIX Message Queue File System...
[   11.352857] systemd[1]: Listening on Device-mapper event daemon FIFOs.
[[0;32m  OK  [0m] Listening on Device-mapper event daemon FIFOs.
[   11.355049] systemd[1]: Starting Monitoring of LVM2 mirrors, snapshots etc. using dmeventd or progress polling...
         Starting Monitoring of LVM2 mirrors... dmeventd or progress polling...
[   11.358881] systemd[1]: Mounted Huge Pages File System.
[[0;32m  OK  [0m] Mounted Huge Pages File System.
[   11.360675] systemd[1]: Mounted POSIX Message Queue File System.
[[0;32m  OK  [0m] Mounted POSIX Message Queue File System.
[   11.362771] systemd[1]: Mounted Debug File System.
[[0;32m  OK  [0m] Mounted Debug File System.
[   11.364554] systemd[1]: Started Journal Service.
[[0;32m  OK  [0m] Started Journal Service.
[[0;32m  OK  [0m] Started Set console keymap.
[[0;32m  OK  [0m] Started Load Kernel Modules.
[[0;32m  OK  [0m] Started Remount Root and Kernel File Systems.
[[0;32m  OK  [0m] Started Uncomplicated firewall.
[[0;32m  OK  [0m] Started Create list of required sta...ce nodes for the current kernel.
[[0;32m  OK  [0m] Started Nameserver information manager.
[[0;32m  OK  [0m] Started LVM2 metadata daemon.
         Starting Create Static Device Nodes in /dev...
         Starting Load/Save Random Seed...
         Starting udev Coldplug all Devices...
         Mounting FUSE Control File System...
         Starting Apply Kernel Variables...
         Starting Flush Journal to Persistent Storage...
[[0;32m  OK  [0m] Mounted FUSE Control File System.
[[0;32m  OK  [0m] Started Load/Save Random Seed.
[   11.400227] systemd-journald[396]: Received request to flush runtime journal from PID 1
[[0;32m  OK  [0m] Started Flush Journal to Persistent Storage.
[[0;32m  OK  [0m] Started Create Static Device Nodes in /dev.
[[0;32m  OK  [0m] Started Apply Kernel Variables.
         Starting udev Kernel Device Manager...
[[0;32m  OK  [0m] Started udev Kernel Device Manager.
[[0;32m  OK  [0m] Started Monitoring of LVM2 mirrors,...ng dmeventd or progress polling.
[[0;32m  OK  [0m] Reached target Local File Systems (Pre).
[[0;32m  OK  [0m] Reached target Local File Systems.
         Starting Set console font and keymap...
         Starting Initial cloud-init job (pre-networking)...
         Starting LSB: AppArmor initialization...
         Starting Create Volatile Files and Directories...
         Starting Tell Plymouth To Write Out Runtime Data...
[[0;32m  OK  [0m] Started udev Coldplug all Devices.
[[0;32m  OK  [0m] Started Dispatch Password Requests to Console Directory Watch.
[[0;32m  OK  [0m] Started Create Volatile Files and Directories.
         Starting Update UTMP about System Boot/Shutdown...
[[0;32m  OK  [0m] Started Update UTMP about System Boot/Shutdown.
[[0;32m  OK  [0m] Started Tell Plymouth To Write Out Runtime Data.
[[0;32m  OK  [0m] Started LSB: AppArmor initialization.
[[0;32m  OK  [0m] Found device /dev/ttyS0.
[[0;32m  OK  [0m] Listening on Load/Save RF Kill Switch Status /dev/rfkill Watch.
         Starting Load AppArmor profiles managed internally by snapd...
[[0;32m  OK  [0m] Started Load AppArmor profiles managed internally by snapd.
[[0;32m  OK  [0m] Found device 82540EM Gigabit Ethern...r (PRO/1000 MT Desktop Adapter).
[[0;32m  OK  [0m] Found device 82540EM Gigabit Ethern...r (PRO/1000 MT Desktop Adapter).
[   12.379766] cloud-init[487]: Cloud-init v. 21.1-19-gbad84ad4-0ubuntu1~16.04.2 running 'init-local' at Mon, 20 May 2024 11:55:59 +0000. Up 12.07 seconds.
[[0;32m  OK  [0m] Started Set console font and keymap.
[[0;32m  OK  [0m] Created slice system-getty.slice.
[[0;32m  OK  [0m] Started Initial cloud-init job (pre-networking).
[[0;32m  OK  [0m] Reached target Network (Pre).
         Starting Raise network interfaces...
[[0;32m  OK  [0m] Started ifup for enp0s3.
[[0;32m  OK  [0m] Started ifup for enp0s8.
[[0;32m  OK  [0m] Started Raise network interfaces.
         Starting Initial cloud-init job (metadata service crawler)...
[[0;32m  OK  [0m] Reached target Network.
[   13.041679] cloud-init[1079]: Cloud-init v. 21.1-19-gbad84ad4-0ubuntu1~16.04.2 running 'init' at Mon, 20 May 2024 11:56:00 +0000. Up 12.82 seconds.
[   13.043012] cloud-init[1079]: ci-info: ++++++++++++++++++++++++++++++++++++++Net device info+++++++++++++++++++++++++++++++++++++++
[   13.044186] cloud-init[1079]: ci-info: +--------+------+-----------------------------+---------------+--------+-------------------+
[   13.045397] cloud-init[1079]: ci-info: | Device |  Up  |           Address           |      Mask     | Scope  |     Hw-Address    |
[   13.047253] cloud-init[1079]: ci-info: +--------+------+-----------------------------+---------------+--------+-------------------+
[   13.048913] cloud-init[1079]: ci-info: | enp0s3 | True |          10.0.2.15          | 255.255.255.0 | global | 02:be:82:6b:cc:1d |
[   13.051138] cloud-init[1079]: ci-info: | enp0s3 | True |  fe80::be:82ff:fe6b:cc1d/64 |       .       |  link  | 02:be:82:6b:cc:1d |
[   13.053513] cloud-init[1079]: ci-info: | enp0s8 | True |        192.168.50.55        | 255.255.255.0 | global | 08:00:27:72:4a:b1 |
[   13.055755] cloud-init[1079]: ci-info: | enp0s8 | True | fe80::a00:27ff:fe72:4ab1/64 |       .       |  link  | 08:00:27:72:4a:b1 |
[   13.058051] cloud-init[1079]: ci-info: |   lo   | True |          127.0.0.1          |   255.0.0.0   |  host  |         .         |
[   13.059568] cloud-init[1079]: ci-info: |   lo   | True |           ::1/128           |       .       |  host  |         .         |
[   13.061477] cloud-init[1079]: ci-info: +--------+------+-----------------------------+---------------+--------+-------------------+
[   13.063399] cloud-init[1079]: ci-info: ++++++++++++++++++++++++++++Route IPv4 info++++++++++++++++++++++++++++
[   13.064638] cloud-init[1079]: ci-info: +-------+--------------+----------+---------------+-----------+-------+
[   13.065781] cloud-init[1079]: ci-info: | Route | Destination  | Gateway  |    Genmask    | Interface | Flags |
[   13.066962] cloud-init[1079]: ci-info: +-------+--------------+----------+---------------+-----------+-------+
[   13.068246] cloud-init[1079]: ci-info: |   0   |   0.0.0.0    | 10.0.2.2 |    0.0.0.0    |   enp0s3  |   UG  |
[   13.069563] cloud-init[1079]: ci-info: |   1   |   10.0.2.0   | 0.0.0.0  | 255.255.255.0 |   enp0s3  |   U   |
[   13.070815] cloud-init[1079]: ci-info: |   2   | 192.168.50.0 | 0.0.0.0  | 255.255.255.0 |   enp0s8  |   U   |
[   13.072123] cloud-init[1079]: ci-info: +-------+--------------+----------+---------------+-----------+-------+
[   13.073369] cloud-init[1079]: ci-info: +++++++++++++++++++Route IPv6 info+++++++++++++++++++
[   13.074571] cloud-init[1079]: ci-info: +-------+-------------+---------+-----------+-------+
[   13.075806] cloud-init[1079]: ci-info: | Route | Destination | Gateway | Interface | Flags |
[   13.076969] cloud-init[1079]: ci-info: +-------+-------------+---------+-----------+-------+
[   13.078107] cloud-init[1079]: ci-info: |   0   |  fe80::/64  |    ::   |   enp0s3  |   U   |
[   13.079161] cloud-init[1079]: ci-info: |   1   |  fe80::/64  |    ::   |   enp0s8  |   U   |
[   13.080339] cloud-init[1079]: ci-info: |   4   |   ff00::/8  |    ::   |   enp0s3  |   U   |
[   13.081519] cloud-init[1079]: ci-info: |   5   |   ff00::/8  |    ::   |   enp0s8  |   U   |
[   13.082622] cloud-init[1079]: ci-info: +-------+-------------+---------+-----------+-------+
[[0;32m  OK  [0m] Started Initial cloud-init job (metadata service crawler).
[[0;32m  OK  [0m] Reached target Network is Online.
         Starting iSCSI initiator daemon (iscsid)...
[[0;32m  OK  [0m] Reached target System Initialization.
[[0;32m  OK  [0m] Listening on D-Bus System Message Bus Socket.
[[0;32m  OK  [0m] Started ACPI Events Check.
[[0;32m  OK  [0m] Reached target Paths.
         Starting LXD - unix socket.
[[0;32m  OK  [0m] Started Message of the Day.
         Starting Socket activation for snappy daemon.
[[0;32m  OK  [0m] Started Daily apt download activities.
[[0;32m  OK  [0m] Started Daily Cleanup of Temporary Directories.
[[0;32m  OK  [0m] Started Daily apt upgrade and clean activities.
[[0;32m  OK  [0m] Reached target Timers.
[[0;32m  OK  [0m] Listening on ACPID Listen Socket.
[[0;32m  OK  [0m] Listening on UUID daemon activation socket.
[[0;32m  OK  [0m] Reached target Cloud-config availability.
[[0;32m  OK  [0m] Listening on LXD - unix socket.
[[0;32m  OK  [0m] Listening on Socket activation for snappy daemon.
[[0;32m  OK  [0m] Reached target Sockets.
[[0;32m  OK  [0m] Reached target Basic System.
         Starting System Logging Service...
         Starting Accounts Service...
[[0;32m  OK  [0m] Started ACPI event daemon.
         Starting LSB: Record successful boot for GRUB...
[[0;32m  OK  [0m] Started FUSE filesystem for LXC.
         Starting MySQL Community Server...
         Starting Login Service...
         Starting The PHP 7.0 FastCGI Process Manager...
         Starting Virtualbox guest utils...
[[0;32m  OK  [0m] Started Regular background program processing daemon.
         Starting LSB: MD monitoring daemon...
         Starting LXD - container startup/shutdown...
         Starting /etc/rc.local Compatibility...
         Starting Snap Daemon...
[[0;32m  OK  [0m] Started Deferred execution scheduler.
         Starting Pollinate to seed the pseudo random number generator...
[[0;32m  OK  [0m] Started D-Bus System Message Bus.
[[0;32m  OK  [0m] Started System Logging Service.
[[0;32m  OK  [0m] Started iSCSI initiator daemon (iscsid).
[[0;32m  OK  [0m] Started /etc/rc.local Compatibility.
         Starting Login to default iSCSI targets...
[[0;32m  OK  [0m] Started Login Service.
         Starting Authenticate and Authorize Users to Run Privileged Tasks...
[[0;32m  OK  [0m] Started Unattended Upgrades Shutdown.
[[0;32m  OK  [0m] Started LXD - container startup/shutdown.
[[0;32m  OK  [0m] Started LSB: MD monitoring daemon.
[[0;32m  OK  [0m] Started LSB: Record successful boot for GRUB.
[[0;32m  OK  [0m] Started Authenticate and Authorize Users to Run Privileged Tasks.
[[0;32m  OK  [0m] Started Login to default iSCSI targets.
[[0;32m  OK  [0m] Started Accounts Service.
[[0;32m  OK  [0m] Reached target Remote File Systems (Pre).
         Mounting /proyecto_examen...
[[0;1;31mFAILED[0m] Failed to mount /proyecto_examen.
See 'systemctl status proyecto_examen.mount' for details.
[[0;1;33mDEPEND[0m] Dependency failed for Remote File Systems.
         Starting LSB: automatic crash report generation...
         Starting LSB: Set the CPU Frequency Scaling governor to "ondemand"...
         Starting Permit User Sessions...
         Starting LSB: daemon to balance interrupts for SMP systems...
[[0;32m  OK  [0m] Started Permit User Sessions.
         Starting Terminate Plymouth Boot Screen...
         Starting Hold until boot process finishes up...
[[0;32m  OK  [0m] Started Hold until boot process finishes up.
         Starting Set console scheme...
[[0;32m  OK  [0m] Started Getty on tty1.
[[0;32m  OK  [0m] Started Serial Getty on ttyS0.
[[0;32m  OK  [0m] Reached target Login Prompts.
[[0;32m  OK  [0m] Started LSB: Set the CPU Frequency Scaling governor to "ondemand".
[[0;32m  OK  [0m] Started Terminate Plymouth Boot Screen.
[[0;32m  OK  [0m] Started Set console scheme.
[[0;32m  OK  [0m] Started LSB: automatic crash report generation.
[[0;32m  OK  [0m] Started LSB: daemon to balance interrupts for SMP systems.
[[0;32m  OK  [0m] Started Virtualbox guest utils.
[[0;32m  OK  [0m] Started Snap Daemon.
         Starting Wait until snapd is fully seeded...
[[0;32m  OK  [0m] Started The PHP 7.0 FastCGI Process Manager.
[[0;32m  OK  [0m] Started Wait until snapd is fully seeded.
         Starting Apply the settings specified in cloud-config...
[   14.526110] cloud-init[1398]: Cloud-init v. 21.1-19-gbad84ad4-0ubuntu1~16.04.2 running 'modules:config' at Mon, 20 May 2024 11:56:02 +0000. Up 14.44 seconds.
[[0;32m  OK  [0m] Started Apply the settings specified in cloud-config.
         Starting cloud-id shim...
[[0;32m  OK  [0m] Started cloud-id shim.
[[0;32m  OK  [0m] Started MySQL Community Server.

Ubuntu 16.04.7 LTS ubuntu-xenial ttyS0

ubuntu-xenial login: [   24.537577] cloud-init[1460]: Cloud-init v. 21.1-19-gbad84ad4-0ubuntu1~16.04.2 running 'modules:final' at Mon, 20 May 2024 11:56:12 +0000. Up 24.41 seconds.
[   24.537942] cloud-init[1460]: Cloud-init v. 21.1-19-gbad84ad4-0ubuntu1~16.04.2 finished at Mon, 20 May 2024 11:56:12 +0000. Datasource DataSourceNoCloud [seed=/dev/sdb][dsmode=net].  Up 24.53 seconds
